0 info it worked if it ends with ok
1 verbose cli [ '/usr/local/bin/node', '/usr/local/bin/npm', 'install' ]
2 info using npm@3.10.10
3 info using node@v7.2.1
4 silly loadCurrentTree Starting
5 silly install loadCurrentTree
6 silly install readLocalPackageData
7 silly install normalizeTree
8 silly loadCurrentTree Finishing
9 silly loadIdealTree Starting
10 silly install loadIdealTree
11 silly cloneCurrentTree Starting
12 silly install cloneCurrentTreeToIdealTree
13 silly cloneCurrentTree Finishing
14 silly loadShrinkwrap Starting
15 silly install loadShrinkwrap
16 silly loadShrinkwrap Finishing
17 silly loadAllDepsIntoIdealTree Starting
18 silly install loadAllDepsIntoIdealTree
19 silly fetchOtherPackageData clay@git+https://github.com/ph3l1x/clay.git
20 silly cache add args [ 'clay@git+https://github.com/ph3l1x/clay.git', null ]
21 verbose cache add spec clay@git+https://github.com/ph3l1x/clay.git
22 silly fetchNamedPackageData bower
23 silly mapToRegistry name bower
24 silly mapToRegistry using default registry
25 silly mapToRegistry registry https://registry.npmjs.org/
26 silly mapToRegistry data Result {
26 silly mapToRegistry   raw: 'bower',
26 silly mapToRegistry   scope: null,
26 silly mapToRegistry   escapedName: 'bower',
26 silly mapToRegistry   name: 'bower',
26 silly mapToRegistry   rawSpec: '',
26 silly mapToRegistry   spec: 'latest',
26 silly mapToRegistry   type: 'tag' }
27 silly mapToRegistry uri https://registry.npmjs.org/bower
28 silly cache add parsed spec Result {
28 silly cache add   raw: 'clay@git+https://github.com/ph3l1x/clay.git',
28 silly cache add   scope: null,
28 silly cache add   escapedName: 'clay',
28 silly cache add   name: 'clay',
28 silly cache add   rawSpec: 'git+https://github.com/ph3l1x/clay.git',
28 silly cache add   spec: 'git+https://github.com/ph3l1x/clay.git',
28 silly cache add   type: 'hosted',
28 silly cache add   hosted:
28 silly cache add    { type: 'github',
28 silly cache add      ssh: 'git@github.com:ph3l1x/clay.git',
28 silly cache add      sshUrl: 'git+ssh://git@github.com/ph3l1x/clay.git',
28 silly cache add      httpsUrl: 'git+https://github.com/ph3l1x/clay.git',
28 silly cache add      gitUrl: 'git://github.com/ph3l1x/clay.git',
28 silly cache add      shortcut: 'github:ph3l1x/clay',
28 silly cache add      directUrl: 'https://raw.githubusercontent.com/ph3l1x/clay/master/package.json' } }
29 verbose addRemoteGit caching git+https://github.com/ph3l1x/clay.git
30 verbose addRemoteGit git+https://github.com/ph3l1x/clay.git is a repository hosted by github
31 silly tryClone cloning git+https://github.com/ph3l1x/clay.git via git+https://github.com/ph3l1x/clay.git
32 verbose tryClone git-https-github-com-ph3l1x-clay-git-3d1acdab not in flight; caching
33 verbose correctMkdir /home/phelix/.npm/_git-remotes correctMkdir not in flight; initializing
34 verbose request uri https://registry.npmjs.org/bower
35 verbose request no auth needed
36 info attempt registry request try #1 at 1:57:02 PM
37 verbose request id 2a62cd0b14106bda
38 verbose etag W/"585b141d-2ac8d"
39 verbose lastModified Wed, 21 Dec 2016 23:45:33 GMT
40 http request GET https://registry.npmjs.org/bower
41 info git [ 'config', '--get', 'remote.origin.url' ]
42 silly validateExistingRemote git+https://github.com/ph3l1x/clay.git remote.origin.url: https://github.com/ph3l1x/clay.git
43 verbose validateExistingRemote git+https://github.com/ph3l1x/clay.git is updating existing cached remote /home/phelix/.npm/_git-remotes/git-https-github-com-ph3l1x-clay-git-3d1acdab
44 info git [ 'fetch', '-a', 'origin' ]
45 http 304 https://registry.npmjs.org/bower
46 verbose headers { date: 'Thu, 22 Dec 2016 20:57:02 GMT',
46 verbose headers   via: '1.1 varnish',
46 verbose headers   'cache-control': 'max-age=300',
46 verbose headers   etag: 'W/"585b141d-2ac8d"',
46 verbose headers   age: '92',
46 verbose headers   connection: 'keep-alive',
46 verbose headers   'x-served-by': 'cache-sea1921-SEA',
46 verbose headers   'x-cache': 'HIT',
46 verbose headers   'x-cache-hits': '94',
46 verbose headers   'x-timer': 'S1482440222.727390,VS0,VE0',
46 verbose headers   vary: 'Accept-Encoding' }
47 silly get cb [ 304,
47 silly get   { date: 'Thu, 22 Dec 2016 20:57:02 GMT',
47 silly get     via: '1.1 varnish',
47 silly get     'cache-control': 'max-age=300',
47 silly get     etag: 'W/"585b141d-2ac8d"',
47 silly get     age: '92',
47 silly get     connection: 'keep-alive',
47 silly get     'x-served-by': 'cache-sea1921-SEA',
47 silly get     'x-cache': 'HIT',
47 silly get     'x-cache-hits': '94',
47 silly get     'x-timer': 'S1482440222.727390,VS0,VE0',
47 silly get     vary: 'Accept-Encoding' } ]
48 verbose etag https://registry.npmjs.org/bower from cache
49 verbose get saving bower to /home/phelix/.npm/registry.npmjs.org/bower/.cache.json
50 verbose correctMkdir /home/phelix/.npm correctMkdir not in flight; initializing
51 silly resolveWithNewModule bower@1.8.0 checking installable status
52 silly cache add args [ 'bower@1.8.0', null ]
53 verbose cache add spec bower@1.8.0
54 silly cache add parsed spec Result {
54 silly cache add   raw: 'bower@1.8.0',
54 silly cache add   scope: null,
54 silly cache add   escapedName: 'bower',
54 silly cache add   name: 'bower',
54 silly cache add   rawSpec: '1.8.0',
54 silly cache add   spec: '1.8.0',
54 silly cache add   type: 'version' }
55 silly addNamed bower@1.8.0
56 verbose addNamed "1.8.0" is a plain semver version for bower
57 silly mapToRegistry name bower
58 silly mapToRegistry using default registry
59 silly mapToRegistry registry https://registry.npmjs.org/
60 silly mapToRegistry data Result {
60 silly mapToRegistry   raw: 'bower',
60 silly mapToRegistry   scope: null,
60 silly mapToRegistry   escapedName: 'bower',
60 silly mapToRegistry   name: 'bower',
60 silly mapToRegistry   rawSpec: '',
60 silly mapToRegistry   spec: 'latest',
60 silly mapToRegistry   type: 'tag' }
61 silly mapToRegistry uri https://registry.npmjs.org/bower
62 verbose addNameVersion registry:https://registry.npmjs.org/bower not in flight; fetching
63 verbose get https://registry.npmjs.org/bower not expired, no request
64 silly cache afterAdd bower@1.8.0
65 verbose afterAdd /home/phelix/.npm/bower/1.8.0/package/package.json not in flight; writing
66 verbose correctMkdir /home/phelix/.npm correctMkdir not in flight; initializing
67 verbose afterAdd /home/phelix/.npm/bower/1.8.0/package/package.json written
68 verbose updateRemote git fetch -a origin (https://github.com/ph3l1x/clay.git)
69 verbose correctMkdir /home/phelix/.npm/_git-remotes correctMkdir not in flight; initializing
70 verbose setPermissions git+https://github.com/ph3l1x/clay.git set permissions on /home/phelix/.npm/_git-remotes/git-https-github-com-ph3l1x-clay-git-3d1acdab
71 verbose resolveHead git+https://github.com/ph3l1x/clay.git original treeish: master
72 info git [ 'rev-list', '-n1', 'master' ]
73 silly resolveHead git+https://github.com/ph3l1x/clay.git resolved treeish: 87a7667c630a2fd50e47f48d807abf025654f197
74 verbose resolveHead git+https://github.com/ph3l1x/clay.git resolved Git URL: git+https://github.com/ph3l1x/clay.git#87a7667c630a2fd50e47f48d807abf025654f197
75 silly resolveHead Git working directory: /tmp/npm-27440-79583baa/git-cache-6126871a/87a7667c630a2fd50e47f48d807abf025654f197
76 info git [ 'clone',
76 info git   '/home/phelix/.npm/_git-remotes/git-https-github-com-ph3l1x-clay-git-3d1acdab',
76 info git   '/tmp/npm-27440-79583baa/git-cache-6126871a/87a7667c630a2fd50e47f48d807abf025654f197' ]
77 verbose cloneResolved git+https://github.com/ph3l1x/clay.git clone Cloning into '/tmp/npm-27440-79583baa/git-cache-6126871a/87a7667c630a2fd50e47f48d807abf025654f197'...
77 verbose cloneResolved done.
78 info git [ 'checkout', '87a7667c630a2fd50e47f48d807abf025654f197' ]
79 verbose checkoutTreeish git+https://github.com/ph3l1x/clay.git checkout Note: checking out '87a7667c630a2fd50e47f48d807abf025654f197'.
79 verbose checkoutTreeish
79 verbose checkoutTreeish You are in 'detached HEAD' state. You can look around, make experimental
79 verbose checkoutTreeish changes and commit them, and you can discard any commits you make in this
79 verbose checkoutTreeish state without impacting any branches by performing another checkout.
79 verbose checkoutTreeish
79 verbose checkoutTreeish If you want to create a new branch to retain commits you create, you may
79 verbose checkoutTreeish do so (now or later) by using -b with the checkout command again. Example:
79 verbose checkoutTreeish
79 verbose checkoutTreeish   git checkout -b <new-branch-name>
79 verbose checkoutTreeish
79 verbose checkoutTreeish HEAD is now at 87a7667... initial Drupal install
80 info git [ 'submodule', '-q', 'update', '--init', '--recursive' ]
81 verbose updateSubmodules git+https://github.com/ph3l1x/clay.git submodule update
82 error addLocal Could not install /tmp/npm-27440-79583baa/git-cache-6126871a/87a7667c630a2fd50e47f48d807abf025654f197
83 silly fetchPackageMetaData Error: EISDIR: illegal operation on a directory, read
83 silly fetchPackageMetaData  error for clay@git+https://github.com/ph3l1x/clay.git { Error: EISDIR: illegal operation on a directory, read errno: -21, code: 'EISDIR', syscall: 'read' }
84 silly rollbackFailedOptional Starting
85 silly rollbackFailedOptional Finishing
86 silly runTopLevelLifecycles Finishing
87 silly install printInstalled
88 verbose stack Error: EISDIR: illegal operation on a directory, read
89 verbose cwd /home/phelix/www/clay
90 error Linux 4.4.0-57-generic
91 error argv "/usr/local/bin/node" "/usr/local/bin/npm" "install"
92 error node v7.2.1
93 error npm  v3.10.10
94 error code EISDIR
95 error errno -21
96 error syscall read
97 error eisdir EISDIR: illegal operation on a directory, read
98 error eisdir This is most likely not a problem with npm itself
98 error eisdir and is related to npm not being able to find a package.json in
98 error eisdir a package you are trying to install.
99 verbose exit [ -21, true ]
